2021-12-25 20:56:08:103
  <--: PATCH 200 /changelog {"code":200,"msg":"成功","data":{"scope":"test","content":null}}
====================================================================================
2021-12-25 20:56:08:090
  -->: PATCH /changelog querystring:  requestBody: {"scope":"test","content":"##### 2.0.1 Release Version (2021.12.25)\r\n###### feature:\r\n- 我是新功能更我是新功能更我是新功能更我是新功能更；\r\n- 我是新功能更我是新功能更我是新功能更我是新功能更我是新功能更；\r\n- 我是新功能更我是新功能更我是新功能更我是新功能更我是新功能更；\r\n- 修复问题1修复问题1修复问题1修复问题1修复问题1修复问题1；\r\n- 修复问题1修复问题1修复问题1修复问题1修复问题1修复问题1；\r\n\r\n###### fixed:\r\n- 修复问题1修复问题1修复问题1修复问题1修复问题1修复问题1；\r\n- 修复问题1修复问题1修复问题1修复问题1修复问题1修复问题1；\r\n- 修复问题1修复问题1修复问题1修复问题1修复问题1修复问题1；\r\n- 修复问题1修复问题1修复问题1修复问题1修复问题1修复问题1；\r\n- 修复问题1修复问题1修复问题1修复问题1修复问题1修复问题1；\r\n- 修复问题1修复问题1修复问题1修复问题1修复问题1修复问题1；\r\n- 修复问题1修复问题1修复问题1修复问题1修复问题1修复问题1；\r\n- 修复问题1修复问题1修复问题1修复问题1修复问题1修复问题1；","secretKey":"123456"}
  ------------------------------------------------------------------------------------

====================================================================================
2021-12-25 20:58:56:352
  -->: PATCH /changelog querystring:  requestBody: {"scope":"test","content":"##### 2.0.2 Release Version (2021.12.25)\r\n###### feature:\r\n- 新功能1新功能1新功能1新功能1新功能1新功能1新功能1新功能1；\r\n- 新功能1新功能1新功能1新功能1新功能1新功能1新功能1新功能1；\r\n- 新功能1新功能1新功能1新功能1新功能1新功能1新功能1新功能1；\r\n- 新功能1新功能1新功能1新功能1新功能1新功能1新功能1新功能1；\r\n- 新功能1新功能1新功能1新功能1新功能1新功能1新功能1新功能1；\r\n\r\n###### fixed:\r\n- 修复问题1修复问题1修复问题1修复问题1修复问题1；\r\n- 修复问题1修复问题1修复问题1修复问题1修复问题1；\r\n- 修复问题1修复问题1修复问题1修复问题1修复问题1；","secretKey":"123456"}
  ------------------------------------------------------------------------------------
2021-12-25 20:58:56:353
  <--: PATCH 200 /changelog {"code":200,"msg":"成功","data":{"scope":"test","content":"\r\n\r\n##### 2.0.1 Release Version (2021.12.25)\r\n###### feature:\r\n- 我是新功能更我是新功能更我是新功能更我是新功能更；\r\n- 我是新功能更我是新功能更我是新功能更我是新功能更我是新功能更；\r\n- 我是新功能更我是新功能更我是新功能更我是新功能更我是新功能更；\r\n- 修复问题1修复问题1修复问题1修复问题1修复问题1修复问题1；\r\n- 修复问题1修复问题1修复问题1修复问题1修复问题1修复问题1；\r\n\r\n###### fixed:\r\n- 修复问题1修复问题1修复问题1修复问题1修复问题1修复问题1；\r\n- 修复问题1修复问题1修复问题1修复问题1修复问题1修复问题1；\r\n- 修复问题1修复问题1修复问题1修复问题1修复问题1修复问题1；\r\n- 修复问题1修复问题1修复问题1修复问题1修复问题1修复问题1；\r\n- 修复问题1修复问题1修复问题1修复问题1修复问题1修复问题1；\r\n- 修复问题1修复问题1修复问题1修复问题1修复问题1修复问题1；\r\n- 修复问题1修复问题1修复问题1修复问题1修复问题1修复问题1；\r\n- 修复问题1修复问题1修复问题1修复问题1修复问题1修复问题1；"}}
====================================================================================
2021-12-25 21:00:46:834
  -->: PATCH /changelog querystring:  requestBody: {"scope":"test","content":"##### 2.0.3 Release Version (2021.12.25)\r\n###### feature:\r\n- 新功能1新功能1新功能1新功能1新功能1新功能1新功能1；\r\n- 新功能1新功能1新功能1新功能1新功能1新功能1新功能1；\r\n- 新功能1新功能1新功能1新功能1新功能1新功能1新功能1；\r\n- 新功能1新功能1新功能1新功能1新功能1新功能1新功能1；\r\n- 新功能1新功能1新功能1新功能1新功能1新功能1新功能1；","secretKey":"123456"}
  ------------------------------------------------------------------------------------
2021-12-25 21:00:46:842
  <--: PATCH 200 /changelog {"code":200,"msg":"成功","data":{"scope":"test","content":"\r\n\r\n##### 2.0.1 Release Version (2021.12.25)\r\n###### feature:\r\n- 我是新功能更我是新功能更我是新功能更我是新功能更；\r\n- 我是新功能更我是新功能更我是新功能更我是新功能更我是新功能更；\r\n- 我是新功能更我是新功能更我是新功能更我是新功能更我是新功能更；\r\n- 修复问题1修复问题1修复问题1修复问题1修复问题1修复问题1；\r\n- 修复问题1修复问题1修复问题1修复问题1修复问题1修复问题1；\r\n\r\n###### fixed:\r\n- 修复问题1修复问题1修复问题1修复问题1修复问题1修复问题1；\r\n- 修复问题1修复问题1修复问题1修复问题1修复问题1修复问题1；\r\n- 修复问题1修复问题1修复问题1修复问题1修复问题1修复问题1；\r\n- 修复问题1修复问题1修复问题1修复问题1修复问题1修复问题1；\r\n- 修复问题1修复问题1修复问题1修复问题1修复问题1修复问题1；\r\n- 修复问题1修复问题1修复问题1修复问题1修复问题1修复问题1；\r\n- 修复问题1修复问题1修复问题1修复问题1修复问题1修复问题1；\r\n- 修复问题1修复问题1修复问题1修复问题1修复问题1修复问题1；\r\n\r\n##### 2.0.2 Release Version (2021.12.25)\r\n###### feature:\r\n- 新功能1新功能1新功能1新功能1新功能1新功能1新功能1新功能1；\r\n- 新功能1新功能1新功能1新功能1新功能1新功能1新功能1新功能1；\r\n- 新功能1新功能1新功能1新功能1新功能1新功能1新功能1新功能1；\r\n- 新功能1新功能1新功能1新功能1新功能1新功能1新功能1新功能1；\r\n- 新功能1新功能1新功能1新功能1新功能1新功能1新功能1新功能1；\r\n\r\n###### fixed:\r\n- 修复问题1修复问题1修复问题1修复问题1修复问题1；\r\n- 修复问题1修复问题1修复问题1修复问题1修复问题1；\r\n- 修复问题1修复问题1修复问题1修复问题1修复问题1；\r\n\r\n##### 2.0.3 Release Version (2021.12.25)\r\n###### feature:\r\n- 新功能1新功能1新功能1新功能1新功能1新功能1新功能1；\r\n- 新功能1新功能1新功能1新功能1新功能1新功能1新功能1；\r\n- 新功能1新功能1新功能1新功能1新功能1新功能1新功能1；\r\n- 新功能1新功能1新功能1新功能1新功能1新功能1新功能1；\r\n- 新功能1新功能1新功能1新功能1新功能1新功能1新功能1；"}}
====================================================================================
2021-12-25 21:03:51:165
  -->: GET /changelog?scope=test&secretKey=123456 querystring: scope=test&secretKey=123456 requestBody: {}
  ------------------------------------------------------------------------------------
2021-12-25 21:03:51:166
  <--: GET 200 /changelog?scope=test&secretKey=123456 {"code":200,"msg":"成功","data":{"content":null}}
====================================================================================
2021-12-25 21:07:44:409
  -->: GET /changelog?scope=test&secretKey=123456 querystring: scope=test&secretKey=123456 requestBody: {}
  ------------------------------------------------------------------------------------
2021-12-25 21:07:44:424
  <--: GET 200 /changelog?scope=test&secretKey=123456 {"code":200,"msg":"成功","data":{"content":null}}
====================================================================================
2021-12-25 21:08:51:706
  -->: GET /changelog?scope=test&secretKey=123456 querystring: scope=test&secretKey=123456 requestBody: {}
  ------------------------------------------------------------------------------------
2021-12-25 21:08:51:722
  <--: GET 200 /changelog?scope=test&secretKey=123456 {"code":200,"msg":"成功","data":{"content":null}}2021-12-25 21:09:33:610
  <--: GET 200 /changelog?scope=test&secretKey=123456 {"code":200,"msg":"成功","data":{"content":null}}
====================================================================================
2021-12-25 21:09:33:593
  -->: GET /changelog?scope=test&secretKey=123456 querystring: scope=test&secretKey=123456 requestBody: {}
  ------------------------------------------------------------------------------------

====================================================================================
2021-12-25 21:09:50:576
  -->: GET /changelog?scope=test&secretKey=123456 querystring: scope=test&secretKey=123456 requestBody: {}
  ------------------------------------------------------------------------------------
2021-12-25 21:09:50:593
  <--: GET 200 /changelog?scope=test&secretKey=123456 {"code":200,"msg":"成功","data":{"content":null}}
====================================================================================
2021-12-25 21:11:18:063
  -->: GET /changelog?scope=test&secretKey=123456 querystring: scope=test&secretKey=123456 requestBody: {}
  ------------------------------------------------------------------------------------
2021-12-25 21:11:18:070
  <--: GET 200 /changelog?scope=test&secretKey=123456 {"code":200,"msg":"成功","data":{"scope":"test","content":"\r\n\r\n##### 2.0.1 Release Version (2021.12.25)\r\n###### feature:\r\n- 我是新功能更我是新功能更我是新功能更我是新功能更；\r\n- 我是新功能更我是新功能更我是新功能更我是新功能更我是新功能更；\r\n- 我是新功能更我是新功能更我是新功能更我是新功能更我是新功能更；\r\n- 修复问题1修复问题1修复问题1修复问题1修复问题1修复问题1；\r\n- 修复问题1修复问题1修复问题1修复问题1修复问题1修复问题1；\r\n\r\n###### fixed:\r\n- 修复问题1修复问题1修复问题1修复问题1修复问题1修复问题1；\r\n- 修复问题1修复问题1修复问题1修复问题1修复问题1修复问题1；\r\n- 修复问题1修复问题1修复问题1修复问题1修复问题1修复问题1；\r\n- 修复问题1修复问题1修复问题1修复问题1修复问题1修复问题1；\r\n- 修复问题1修复问题1修复问题1修复问题1修复问题1修复问题1；\r\n- 修复问题1修复问题1修复问题1修复问题1修复问题1修复问题1；\r\n- 修复问题1修复问题1修复问题1修复问题1修复问题1修复问题1；\r\n- 修复问题1修复问题1修复问题1修复问题1修复问题1修复问题1；\r\n\r\n##### 2.0.2 Release Version (2021.12.25)\r\n###### feature:\r\n- 新功能1新功能1新功能1新功能1新功能1新功能1新功能1新功能1；\r\n- 新功能1新功能1新功能1新功能1新功能1新功能1新功能1新功能1；\r\n- 新功能1新功能1新功能1新功能1新功能1新功能1新功能1新功能1；\r\n- 新功能1新功能1新功能1新功能1新功能1新功能1新功能1新功能1；\r\n- 新功能1新功能1新功能1新功能1新功能1新功能1新功能1新功能1；\r\n\r\n###### fixed:\r\n- 修复问题1修复问题1修复问题1修复问题1修复问题1；\r\n- 修复问题1修复问题1修复问题1修复问题1修复问题1；\r\n- 修复问题1修复问题1修复问题1修复问题1修复问题1；\r\n\r\n##### 2.0.3 Release Version (2021.12.25)\r\n###### feature:\r\n- 新功能1新功能1新功能1新功能1新功能1新功能1新功能1；\r\n- 新功能1新功能1新功能1新功能1新功能1新功能1新功能1；\r\n- 新功能1新功能1新功能1新功能1新功能1新功能1新功能1；\r\n- 新功能1新功能1新功能1新功能1新功能1新功能1新功能1；\r\n- 新功能1新功能1新功能1新功能1新功能1新功能1新功能1；"}}
====================================================================================
2021-12-25 21:13:30:453
  -->: GET /changelog?scope=test&secretKey=123456 querystring: scope=test&secretKey=123456 requestBody: {}
  ------------------------------------------------------------------------------------
2021-12-25 21:13:30:454
  <--: GET 200 /changelog?scope=test&secretKey=123456 {"code":200,"msg":"成功","data":{"scope":"test","content":"\r\n\r\n##### 2.0.1 Release Version (2021.12.25)\r\n###### feature:\r\n- 我是新功能更我是新功能更我是新功能更我是新功能更；\r\n- 我是新功能更我是新功能更我是新功能更我是新功能更我是新功能更；\r\n- 我是新功能更我是新功能更我是新功能更我是新功能更我是新功能更；\r\n- 修复问题1修复问题1修复问题1修复问题1修复问题1修复问题1；\r\n- 修复问题1修复问题1修复问题1修复问题1修复问题1修复问题1；\r\n\r\n###### fixed:\r\n- 修复问题1修复问题1修复问题1修复问题1修复问题1修复问题1；\r\n- 修复问题1修复问题1修复问题1修复问题1修复问题1修复问题1；\r\n- 修复问题1修复问题1修复问题1修复问题1修复问题1修复问题1；\r\n- 修复问题1修复问题1修复问题1修复问题1修复问题1修复问题1；\r\n- 修复问题1修复问题1修复问题1修复问题1修复问题1修复问题1；\r\n- 修复问题1修复问题1修复问题1修复问题1修复问题1修复问题1；\r\n- 修复问题1修复问题1修复问题1修复问题1修复问题1修复问题1；\r\n- 修复问题1修复问题1修复问题1修复问题1修复问题1修复问题1；\r\n\r\n##### 2.0.2 Release Version (2021.12.25)\r\n###### feature:\r\n- 新功能1新功能1新功能1新功能1新功能1新功能1新功能1新功能1；\r\n- 新功能1新功能1新功能1新功能1新功能1新功能1新功能1新功能1；\r\n- 新功能1新功能1新功能1新功能1新功能1新功能1新功能1新功能1；\r\n- 新功能1新功能1新功能1新功能1新功能1新功能1新功能1新功能1；\r\n- 新功能1新功能1新功能1新功能1新功能1新功能1新功能1新功能1；\r\n\r\n###### fixed:\r\n- 修复问题1修复问题1修复问题1修复问题1修复问题1；\r\n- 修复问题1修复问题1修复问题1修复问题1修复问题1；\r\n- 修复问题1修复问题1修复问题1修复问题1修复问题1；\r\n\r\n##### 2.0.3 Release Version (2021.12.25)\r\n###### feature:\r\n- 新功能1新功能1新功能1新功能1新功能1新功能1新功能1；\r\n- 新功能1新功能1新功能1新功能1新功能1新功能1新功能1；\r\n- 新功能1新功能1新功能1新功能1新功能1新功能1新功能1；\r\n- 新功能1新功能1新功能1新功能1新功能1新功能1新功能1；\r\n- 新功能1新功能1新功能1新功能1新功能1新功能1新功能1；"}}